debug: Fri, 29 Oct 2021 09:55:13 GMT
debug: Project: D:\CocosProject\testDemo\cocos3d20211013\20211014\demolist2
debug: Targets: editor,preview
debug: Incremental file seems great.
debug: Engine path: E:\CocosDashboard_1.0.11\resources\.editors\Creator\3.3.2\resources\resources\3d\engine
debug: Initializing target [Editor]
debug: Loading cache
debug: Loading cache costs 3.933600001037121ms.
debug: Engine features shipped in editor: base,gfx-webgl,gfx-webgl2,3d,2d,ui,particle,particle-2d,physics-framework,physics-2d-framework,intersection-2d,primitive,profiler,audio,video,terrain,webview,tween,tiled-map,spine,dragon-bones
debug: Initializing target [Preview]
debug: Loading cache
debug: Loading cache costs 1.616100002080202ms.
debug: Sync engine features: base,gfx-webgl,gfx-webgl2,3d,2d,ui,particle,physics-ammo,physics-2d-box2d,intersection-2d,primitive,profiler,particle-2d,audio,video,webview,tween,terrain,tiled-map,spine,dragon-bones
debug: Pulling asset-db.
debug: Fetch asset-db cost: 11.718199998140335ms.
debug: Build iteration starts.
Number of accumulated asset changes: 7
Feature changed: false
debug: Target(editor) build started.
debug: Detected change: cce:/internal/x/cc. Last mtime: Thu Jan 01 1970 08:00:08 GMT+0800 (中国标准时间), Current mtime: Thu Jan 01 1970 08:00:08 GMT+0800 (中国标准时间)
debug: Inspect cce:/internal/x/cc
debug: Resolve cce:/internal/x/cc-fu/base from cce:/internal/x/cc as external dependency cce:/internal/x/cc-fu/base.
debug: Resolve cce:/internal/x/cc-fu/gfx-webgl from cce:/internal/x/cc as external dependency cce:/internal/x/cc-fu/gfx-webgl.
debug: Resolve cce:/internal/x/cc-fu/gfx-webgl2 from cce:/internal/x/cc as external dependency cce:/internal/x/cc-fu/gfx-webgl2.
debug: Resolve cce:/internal/x/cc-fu/3d from cce:/internal/x/cc as external dependency cce:/internal/x/cc-fu/3d.
debug: Resolve cce:/internal/x/cc-fu/2d from cce:/internal/x/cc as external dependency cce:/internal/x/cc-fu/2d.
debug: Resolve cce:/internal/x/cc-fu/ui from cce:/internal/x/cc as external dependency cce:/internal/x/cc-fu/ui.
debug: Resolve cce:/internal/x/cc-fu/particle from cce:/internal/x/cc as external dependency cce:/internal/x/cc-fu/particle.
debug: Resolve cce:/internal/x/cc-fu/particle-2d from cce:/internal/x/cc as external dependency cce:/internal/x/cc-fu/particle-2d.
debug: Resolve cce:/internal/x/cc-fu/physics-framework from cce:/internal/x/cc as external dependency cce:/internal/x/cc-fu/physics-framework.
debug: Resolve cce:/internal/x/cc-fu/physics-2d-framework from cce:/internal/x/cc as external dependency cce:/internal/x/cc-fu/physics-2d-framework.
debug: Resolve cce:/internal/x/cc-fu/intersection-2d from cce:/internal/x/cc as external dependency cce:/internal/x/cc-fu/intersection-2d.
debug: Resolve cce:/internal/x/cc-fu/primitive from cce:/internal/x/cc as external dependency cce:/internal/x/cc-fu/primitive.
debug: Resolve cce:/internal/x/cc-fu/profiler from cce:/internal/x/cc as external dependency cce:/internal/x/cc-fu/profiler.
debug: Resolve cce:/internal/x/cc-fu/audio from cce:/internal/x/cc as external dependency cce:/internal/x/cc-fu/audio.
debug: Resolve cce:/internal/x/cc-fu/video from cce:/internal/x/cc as external dependency cce:/internal/x/cc-fu/video.
debug: Resolve cce:/internal/x/cc-fu/terrain from cce:/internal/x/cc as external dependency cce:/internal/x/cc-fu/terrain.
debug: Resolve cce:/internal/x/cc-fu/webview from cce:/internal/x/cc as external dependency cce:/internal/x/cc-fu/webview.
debug: Resolve cce:/internal/x/cc-fu/tween from cce:/internal/x/cc as external dependency cce:/internal/x/cc-fu/tween.
debug: Resolve cce:/internal/x/cc-fu/tiled-map from cce:/internal/x/cc as external dependency cce:/internal/x/cc-fu/tiled-map.
debug: Resolve cce:/internal/x/cc-fu/spine from cce:/internal/x/cc as external dependency cce:/internal/x/cc-fu/spine.
debug: Resolve cce:/internal/x/cc-fu/dragon-bones from cce:/internal/x/cc as external dependency cce:/internal/x/cc-fu/dragon-bones.
debug: Detected change: cce:/internal/x/prerequisite-imports. Last mtime: Thu Jan 01 1970 08:00:13 GMT+0800 (中国标准时间), Current mtime: Thu Jan 01 1970 08:00:13 GMT+0800 (中国标准时间)
debug: Inspect cce:/internal/x/prerequisite-imports
debug: Resolve file:///D:/CocosProject/testDemo/cocos3d20211013/20211014/demolist2/assets/scripts/bagSHowModle.ts from cce:/internal/x/prerequisite-imports as file:///D:/CocosProject/testDemo/cocos3d20211013/20211014/demolist2/assets/scripts/bagSHowModle.ts.
debug: Resolve file:///D:/CocosProject/testDemo/cocos3d20211013/20211014/demolist2/assets/scripts/collision.ts from cce:/internal/x/prerequisite-imports as file:///D:/CocosProject/testDemo/cocos3d20211013/20211014/demolist2/assets/scripts/collision.ts.
debug: Resolve file:///D:/CocosProject/testDemo/cocos3d20211013/20211014/demolist2/assets/scripts/hpSp.ts from cce:/internal/x/prerequisite-imports as file:///D:/CocosProject/testDemo/cocos3d20211013/20211014/demolist2/assets/scripts/hpSp.ts.
debug: Resolve file:///D:/CocosProject/testDemo/cocos3d20211013/20211014/demolist2/assets/scripts/physicals.ts from cce:/internal/x/prerequisite-imports as file:///D:/CocosProject/testDemo/cocos3d20211013/20211014/demolist2/assets/scripts/physicals.ts.
debug: Resolve file:///D:/CocosProject/testDemo/cocos3d20211013/20211014/demolist2/assets/scripts/ray.ts from cce:/internal/x/prerequisite-imports as file:///D:/CocosProject/testDemo/cocos3d20211013/20211014/demolist2/assets/scripts/ray.ts.
debug: Resolve file:///D:/CocosProject/testDemo/cocos3d20211013/20211014/demolist2/assets/scripts/playerControll.ts from cce:/internal/x/prerequisite-imports as file:///D:/CocosProject/testDemo/cocos3d20211013/20211014/demolist2/assets/scripts/playerControll.ts.
debug: Resolve file:///D:/CocosProject/testDemo/cocos3d20211013/20211014/demolist2/assets/scripts/uiShow3d.ts from cce:/internal/x/prerequisite-imports as file:///D:/CocosProject/testDemo/cocos3d20211013/20211014/demolist2/assets/scripts/uiShow3d.ts.
debug: Target(editor) ends with cost 84.7386000007391ms.
debug: Target(preview) build started.
debug: Detected change: cce:/internal/x/cc. Last mtime: Thu Jan 01 1970 08:00:08 GMT+0800 (中国标准时间), Current mtime: Thu Jan 01 1970 08:00:08 GMT+0800 (中国标准时间)
debug: Inspect cce:/internal/x/cc
debug: Resolve cce:/internal/x/cc-fu/base from cce:/internal/x/cc as external dependency cce:/internal/x/cc-fu/base.
debug: Resolve cce:/internal/x/cc-fu/gfx-webgl from cce:/internal/x/cc as external dependency cce:/internal/x/cc-fu/gfx-webgl.
debug: Resolve cce:/internal/x/cc-fu/gfx-webgl2 from cce:/internal/x/cc as external dependency cce:/internal/x/cc-fu/gfx-webgl2.
debug: Resolve cce:/internal/x/cc-fu/3d from cce:/internal/x/cc as external dependency cce:/internal/x/cc-fu/3d.
debug: Resolve cce:/internal/x/cc-fu/2d from cce:/internal/x/cc as external dependency cce:/internal/x/cc-fu/2d.
debug: Resolve cce:/internal/x/cc-fu/ui from cce:/internal/x/cc as external dependency cce:/internal/x/cc-fu/ui.
debug: Resolve cce:/internal/x/cc-fu/particle from cce:/internal/x/cc as external dependency cce:/internal/x/cc-fu/particle.
debug: Resolve cce:/internal/x/cc-fu/physics-ammo from cce:/internal/x/cc as external dependency cce:/internal/x/cc-fu/physics-ammo.
debug: Resolve cce:/internal/x/cc-fu/physics-framework from cce:/internal/x/cc as external dependency cce:/internal/x/cc-fu/physics-framework.
debug: Resolve cce:/internal/x/cc-fu/wait-for-ammo-instantiation from cce:/internal/x/cc as external dependency cce:/internal/x/cc-fu/wait-for-ammo-instantiation.
debug: Resolve cce:/internal/x/cc-fu/physics-2d-box2d from cce:/internal/x/cc as external dependency cce:/internal/x/cc-fu/physics-2d-box2d.
debug: Resolve cce:/internal/x/cc-fu/physics-2d-framework from cce:/internal/x/cc as external dependency cce:/internal/x/cc-fu/physics-2d-framework.
debug: Resolve cce:/internal/x/cc-fu/intersection-2d from cce:/internal/x/cc as external dependency cce:/internal/x/cc-fu/intersection-2d.
debug: Resolve cce:/internal/x/cc-fu/primitive from cce:/internal/x/cc as external dependency cce:/internal/x/cc-fu/primitive.
debug: Resolve cce:/internal/x/cc-fu/profiler from cce:/internal/x/cc as external dependency cce:/internal/x/cc-fu/profiler.
debug: Resolve cce:/internal/x/cc-fu/particle-2d from cce:/internal/x/cc as external dependency cce:/internal/x/cc-fu/particle-2d.
debug: Resolve cce:/internal/x/cc-fu/audio from cce:/internal/x/cc as external dependency cce:/internal/x/cc-fu/audio.
debug: Resolve cce:/internal/x/cc-fu/video from cce:/internal/x/cc as external dependency cce:/internal/x/cc-fu/video.
debug: Resolve cce:/internal/x/cc-fu/webview from cce:/internal/x/cc as external dependency cce:/internal/x/cc-fu/webview.
debug: Resolve cce:/internal/x/cc-fu/tween from cce:/internal/x/cc as external dependency cce:/internal/x/cc-fu/tween.
debug: Resolve cce:/internal/x/cc-fu/terrain from cce:/internal/x/cc as external dependency cce:/internal/x/cc-fu/terrain.
debug: Resolve cce:/internal/x/cc-fu/tiled-map from cce:/internal/x/cc as external dependency cce:/internal/x/cc-fu/tiled-map.
debug: Resolve cce:/internal/x/cc-fu/spine from cce:/internal/x/cc as external dependency cce:/internal/x/cc-fu/spine.
debug: Resolve cce:/internal/x/cc-fu/dragon-bones from cce:/internal/x/cc as external dependency cce:/internal/x/cc-fu/dragon-bones.
debug: Detected change: cce:/internal/x/prerequisite-imports. Last mtime: Thu Jan 01 1970 08:00:13 GMT+0800 (中国标准时间), Current mtime: Thu Jan 01 1970 08:00:13 GMT+0800 (中国标准时间)
debug: Inspect cce:/internal/x/prerequisite-imports
debug: Resolve file:///D:/CocosProject/testDemo/cocos3d20211013/20211014/demolist2/assets/scripts/bagSHowModle.ts from cce:/internal/x/prerequisite-imports as file:///D:/CocosProject/testDemo/cocos3d20211013/20211014/demolist2/assets/scripts/bagSHowModle.ts.
debug: Resolve file:///D:/CocosProject/testDemo/cocos3d20211013/20211014/demolist2/assets/scripts/hpSp.ts from cce:/internal/x/prerequisite-imports as file:///D:/CocosProject/testDemo/cocos3d20211013/20211014/demolist2/assets/scripts/hpSp.ts.
debug: Resolve file:///D:/CocosProject/testDemo/cocos3d20211013/20211014/demolist2/assets/scripts/collision.ts from cce:/internal/x/prerequisite-imports as file:///D:/CocosProject/testDemo/cocos3d20211013/20211014/demolist2/assets/scripts/collision.ts.
debug: Resolve file:///D:/CocosProject/testDemo/cocos3d20211013/20211014/demolist2/assets/scripts/physicals.ts from cce:/internal/x/prerequisite-imports as file:///D:/CocosProject/testDemo/cocos3d20211013/20211014/demolist2/assets/scripts/physicals.ts.
debug: Resolve file:///D:/CocosProject/testDemo/cocos3d20211013/20211014/demolist2/assets/scripts/playerControll.ts from cce:/internal/x/prerequisite-imports as file:///D:/CocosProject/testDemo/cocos3d20211013/20211014/demolist2/assets/scripts/playerControll.ts.
debug: Resolve file:///D:/CocosProject/testDemo/cocos3d20211013/20211014/demolist2/assets/scripts/ray.ts from cce:/internal/x/prerequisite-imports as file:///D:/CocosProject/testDemo/cocos3d20211013/20211014/demolist2/assets/scripts/ray.ts.
debug: Resolve file:///D:/CocosProject/testDemo/cocos3d20211013/20211014/demolist2/assets/scripts/uiShow3d.ts from cce:/internal/x/prerequisite-imports as file:///D:/CocosProject/testDemo/cocos3d20211013/20211014/demolist2/assets/scripts/uiShow3d.ts.
debug: Target(preview) ends with cost 84.15199999883771ms.
debug: Dispatch build request for time accumulated 1 asset changes.
debug: Build iteration starts.
Number of accumulated asset changes: 1
Feature changed: false
debug: Target(editor) build started.
debug: Detected change: cce:/internal/x/prerequisite-imports. Last mtime: Thu Jan 01 1970 08:00:13 GMT+0800 (中国标准时间), Current mtime: Thu Jan 01 1970 08:11:28 GMT+0800 (中国标准时间)
debug: Inspect cce:/internal/x/prerequisite-imports
debug: Resolve file:///D:/CocosProject/testDemo/cocos3d20211013/20211014/demolist2/assets/scripts/bagSHowModle.ts from cce:/internal/x/prerequisite-imports as file:///D:/CocosProject/testDemo/cocos3d20211013/20211014/demolist2/assets/scripts/bagSHowModle.ts.
debug: Resolve file:///D:/CocosProject/testDemo/cocos3d20211013/20211014/demolist2/assets/scripts/hpSp.ts from cce:/internal/x/prerequisite-imports as file:///D:/CocosProject/testDemo/cocos3d20211013/20211014/demolist2/assets/scripts/hpSp.ts.
debug: Resolve file:///D:/CocosProject/testDemo/cocos3d20211013/20211014/demolist2/assets/scripts/collision.ts from cce:/internal/x/prerequisite-imports as file:///D:/CocosProject/testDemo/cocos3d20211013/20211014/demolist2/assets/scripts/collision.ts.
debug: Resolve file:///D:/CocosProject/testDemo/cocos3d20211013/20211014/demolist2/assets/scripts/physicals.ts from cce:/internal/x/prerequisite-imports as file:///D:/CocosProject/testDemo/cocos3d20211013/20211014/demolist2/assets/scripts/physicals.ts.
debug: Resolve file:///D:/CocosProject/testDemo/cocos3d20211013/20211014/demolist2/assets/scripts/ray.ts from cce:/internal/x/prerequisite-imports as file:///D:/CocosProject/testDemo/cocos3d20211013/20211014/demolist2/assets/scripts/ray.ts.
debug: Resolve file:///D:/CocosProject/testDemo/cocos3d20211013/20211014/demolist2/assets/scripts/playerControll.ts from cce:/internal/x/prerequisite-imports as file:///D:/CocosProject/testDemo/cocos3d20211013/20211014/demolist2/assets/scripts/playerControll.ts.
debug: Resolve file:///D:/CocosProject/testDemo/cocos3d20211013/20211014/demolist2/assets/scripts/uiShow3d.ts from cce:/internal/x/prerequisite-imports as file:///D:/CocosProject/testDemo/cocos3d20211013/20211014/demolist2/assets/scripts/uiShow3d.ts.
debug: Detected change: file:///D:/CocosProject/testDemo/cocos3d20211013/20211014/demolist2/assets/scripts/collision.ts. Last mtime: Fri Oct 29 2021 15:32:01 GMT+0800 (中国标准时间), Current mtime: Fri Oct 29 2021 18:06:04 GMT+0800 (中国标准时间)
debug: Inspect file:///D:/CocosProject/testDemo/cocos3d20211013/20211014/demolist2/assets/scripts/collision.ts
debug: Resolve cc from file:///D:/CocosProject/testDemo/cocos3d20211013/20211014/demolist2/assets/scripts/collision.ts as cce:/internal/x/cc.
debug: Resolve cc from file:///D:/CocosProject/testDemo/cocos3d20211013/20211014/demolist2/assets/scripts/collision.ts as cce:/internal/x/cc.
debug: Target(editor) ends with cost 182.8534999974072ms.
debug: Target(preview) build started.
debug: Detected change: cce:/internal/x/prerequisite-imports. Last mtime: Thu Jan 01 1970 08:00:13 GMT+0800 (中国标准时间), Current mtime: Thu Jan 01 1970 08:11:28 GMT+0800 (中国标准时间)
debug: Inspect cce:/internal/x/prerequisite-imports
debug: Resolve file:///D:/CocosProject/testDemo/cocos3d20211013/20211014/demolist2/assets/scripts/bagSHowModle.ts from cce:/internal/x/prerequisite-imports as file:///D:/CocosProject/testDemo/cocos3d20211013/20211014/demolist2/assets/scripts/bagSHowModle.ts.
debug: Resolve file:///D:/CocosProject/testDemo/cocos3d20211013/20211014/demolist2/assets/scripts/collision.ts from cce:/internal/x/prerequisite-imports as file:///D:/CocosProject/testDemo/cocos3d20211013/20211014/demolist2/assets/scripts/collision.ts.
debug: Resolve file:///D:/CocosProject/testDemo/cocos3d20211013/20211014/demolist2/assets/scripts/hpSp.ts from cce:/internal/x/prerequisite-imports as file:///D:/CocosProject/testDemo/cocos3d20211013/20211014/demolist2/assets/scripts/hpSp.ts.
debug: Resolve file:///D:/CocosProject/testDemo/cocos3d20211013/20211014/demolist2/assets/scripts/physicals.ts from cce:/internal/x/prerequisite-imports as file:///D:/CocosProject/testDemo/cocos3d20211013/20211014/demolist2/assets/scripts/physicals.ts.
debug: Resolve file:///D:/CocosProject/testDemo/cocos3d20211013/20211014/demolist2/assets/scripts/playerControll.ts from cce:/internal/x/prerequisite-imports as file:///D:/CocosProject/testDemo/cocos3d20211013/20211014/demolist2/assets/scripts/playerControll.ts.
debug: Resolve file:///D:/CocosProject/testDemo/cocos3d20211013/20211014/demolist2/assets/scripts/ray.ts from cce:/internal/x/prerequisite-imports as file:///D:/CocosProject/testDemo/cocos3d20211013/20211014/demolist2/assets/scripts/ray.ts.
debug: Resolve file:///D:/CocosProject/testDemo/cocos3d20211013/20211014/demolist2/assets/scripts/uiShow3d.ts from cce:/internal/x/prerequisite-imports as file:///D:/CocosProject/testDemo/cocos3d20211013/20211014/demolist2/assets/scripts/uiShow3d.ts.
debug: Detected change: file:///D:/CocosProject/testDemo/cocos3d20211013/20211014/demolist2/assets/scripts/collision.ts. Last mtime: Fri Oct 29 2021 15:32:01 GMT+0800 (中国标准时间), Current mtime: Fri Oct 29 2021 18:06:04 GMT+0800 (中国标准时间)
debug: Inspect file:///D:/CocosProject/testDemo/cocos3d20211013/20211014/demolist2/assets/scripts/collision.ts
debug: Resolve cc from file:///D:/CocosProject/testDemo/cocos3d20211013/20211014/demolist2/assets/scripts/collision.ts as cce:/internal/x/cc.
debug: Resolve cc from file:///D:/CocosProject/testDemo/cocos3d20211013/20211014/demolist2/assets/scripts/collision.ts as cce:/internal/x/cc.
debug: Target(preview) ends with cost 101.30330000072718ms.
